CRITICAL - 2024-12-23 11:41:42 --> CodeIgniter\Validation\Exceptions\ValidationException: "" is not a valid rule.
[Method: POST, Route: api/resep]
in SYSTEMPATH\Validation\Validation.php on line 348.
 1 SYSTEMPATH\Validation\Validation.php(348): CodeIgniter\Validation\Exceptions\ValidationException::forRuleNotFound()
 2 SYSTEMPATH\Validation\Validation.php(204): CodeIgniter\Validation\Validation->processRules()
 3 SYSTEMPATH\Controller.php(137): CodeIgniter\Validation\Validation->run()
 4 APPPATH\Controllers\ResepController.php(28): CodeIgniter\Controller->validate()
 5 SYSTEMPATH\CodeIgniter.php(933): App\Controllers\ResepController->create()
 6 SYSTEMPATH\CodeIgniter.php(509): CodeIgniter\CodeIgniter->runController()
 7 SYSTEMPATH\CodeIgniter.php(355): CodeIgniter\CodeIgniter->handleRequest()
 8 SYSTEMPATH\Boot.php(325): CodeIgniter\CodeIgniter->run()
 9 SYSTEMPATH\Boot.php(67): CodeIgniter\Boot::runCodeIgniter()
10 FCPATH\index.php(56): CodeIgniter\Boot::bootWeb()
11 SYSTEMPATH\rewrite.php(44): require_once('C:\\xampp\\htdocs\\ci4\\public\\index.php')
ERROR - 2024-12-23 11:58:23 --> mysqli_sql_exception: Unknown column 'updated_at' in 'field list' in C:\xampp\htdocs\ci4\system\Database\MySQLi\Connection.php:312
Stack trace:
#0 C:\xampp\htdocs\ci4\system\Database\MySQLi\Connection.php(312): mysqli->query()
#1 C:\xampp\htdocs\ci4\system\Database\BaseConnection.php(734): CodeIgniter\Database\MySQLi\Connection->execute()
#2 C:\xampp\htdocs\ci4\system\Database\BaseConnection.php(648): CodeIgniter\Database\BaseConnection->simpleQuery()
#3 C:\xampp\htdocs\ci4\system\Database\BaseBuilder.php(2340): CodeIgniter\Database\BaseConnection->query()
#4 C:\xampp\htdocs\ci4\system\Model.php(394): CodeIgniter\Database\BaseBuilder->insert()
#5 C:\xampp\htdocs\ci4\system\BaseModel.php(840): CodeIgniter\Model->doInsert()
#6 C:\xampp\htdocs\ci4\system\Model.php(802): CodeIgniter\BaseModel->insert()
#7 C:\xampp\htdocs\ci4\system\BaseModel.php(751): CodeIgniter\Model->insert()
#8 C:\xampp\htdocs\ci4\app\Controllers\ResepController.php(41): CodeIgniter\BaseModel->save()
#9 C:\xampp\htdocs\ci4\system\CodeIgniter.php(933): App\Controllers\ResepController->create()
#10 C:\xampp\htdocs\ci4\system\CodeIgniter.php(509): CodeIgniter\CodeIgniter->runController()
#11 C:\xampp\htdocs\ci4\system\CodeIgniter.php(355): CodeIgniter\CodeIgniter->handleRequest()
#12 C:\xampp\htdocs\ci4\system\Boot.php(325): CodeIgniter\CodeIgniter->run()
#13 C:\xampp\htdocs\ci4\system\Boot.php(67): CodeIgniter\Boot::runCodeIgniter()
#14 C:\xampp\htdocs\ci4\public\index.php(56): CodeIgniter\Boot::bootWeb()
#15 C:\xampp\htdocs\ci4\system\rewrite.php(44): require_once('...')
#16 {main}
CRITICAL - 2024-12-23 11:58:23 --> CodeIgniter\Database\Exceptions\DatabaseException: Unknown column 'updated_at' in 'field list'
[Method: POST, Route: api/resep]
in SYSTEMPATH\Database\BaseConnection.php on line 688.
 1 SYSTEMPATH\Database\BaseBuilder.php(2340): CodeIgniter\Database\BaseConnection->query()
 2 SYSTEMPATH\Model.php(394): CodeIgniter\Database\BaseBuilder->insert()
 3 SYSTEMPATH\BaseModel.php(840): CodeIgniter\Model->doInsert()
 4 SYSTEMPATH\Model.php(802): CodeIgniter\BaseModel->insert()
 5 SYSTEMPATH\BaseModel.php(751): CodeIgniter\Model->insert()
 6 APPPATH\Controllers\ResepController.php(41): CodeIgniter\BaseModel->save()
 7 SYSTEMPATH\CodeIgniter.php(933): App\Controllers\ResepController->create()
 8 SYSTEMPATH\CodeIgniter.php(509): CodeIgniter\CodeIgniter->runController()
 9 SYSTEMPATH\CodeIgniter.php(355): CodeIgniter\CodeIgniter->handleRequest()
10 SYSTEMPATH\Boot.php(325): CodeIgniter\CodeIgniter->run()
11 SYSTEMPATH\Boot.php(67): CodeIgniter\Boot::runCodeIgniter()
12 FCPATH\index.php(56): CodeIgniter\Boot::bootWeb()
13 SYSTEMPATH\rewrite.php(44): require_once('C:\\xampp\\htdocs\\ci4\\public\\index.php')
CRITICAL - 2024-12-23 11:58:23 --> [Caused by] CodeIgniter\Database\Exceptions\DatabaseException: Unknown column 'updated_at' in 'field list'
in SYSTEMPATH\Database\MySQLi\Connection.php on line 317.
 1 SYSTEMPATH\Database\BaseConnection.php(734): CodeIgniter\Database\MySQLi\Connection->execute()
 2 SYSTEMPATH\Database\BaseConnection.php(648): CodeIgniter\Database\BaseConnection->simpleQuery()
 3 SYSTEMPATH\Database\BaseBuilder.php(2340): CodeIgniter\Database\BaseConnection->query()
 4 SYSTEMPATH\Model.php(394): CodeIgniter\Database\BaseBuilder->insert()
 5 SYSTEMPATH\BaseModel.php(840): CodeIgniter\Model->doInsert()
 6 SYSTEMPATH\Model.php(802): CodeIgniter\BaseModel->insert()
 7 SYSTEMPATH\BaseModel.php(751): CodeIgniter\Model->insert()
 8 APPPATH\Controllers\ResepController.php(41): CodeIgniter\BaseModel->save()
 9 SYSTEMPATH\CodeIgniter.php(933): App\Controllers\ResepController->create()
10 SYSTEMPATH\CodeIgniter.php(509): CodeIgniter\CodeIgniter->runController()
11 SYSTEMPATH\CodeIgniter.php(355): CodeIgniter\CodeIgniter->handleRequest()
12 SYSTEMPATH\Boot.php(325): CodeIgniter\CodeIgniter->run()
13 SYSTEMPATH\Boot.php(67): CodeIgniter\Boot::runCodeIgniter()
14 FCPATH\index.php(56): CodeIgniter\Boot::bootWeb()
15 SYSTEMPATH\rewrite.php(44): require_once('C:\\xampp\\htdocs\\ci4\\public\\index.php')
CRITICAL - 2024-12-23 11:58:23 --> [Caused by] mysqli_sql_exception: Unknown column 'updated_at' in 'field list'
in SYSTEMPATH\Database\MySQLi\Connection.php on line 312.
 1 SYSTEMPATH\Database\MySQLi\Connection.php(312): mysqli->query()
 2 SYSTEMPATH\Database\BaseConnection.php(734): CodeIgniter\Database\MySQLi\Connection->execute()
 3 SYSTEMPATH\Database\BaseConnection.php(648): CodeIgniter\Database\BaseConnection->simpleQuery()
 4 SYSTEMPATH\Database\BaseBuilder.php(2340): CodeIgniter\Database\BaseConnection->query()
 5 SYSTEMPATH\Model.php(394): CodeIgniter\Database\BaseBuilder->insert()
 6 SYSTEMPATH\BaseModel.php(840): CodeIgniter\Model->doInsert()
 7 SYSTEMPATH\Model.php(802): CodeIgniter\BaseModel->insert()
 8 SYSTEMPATH\BaseModel.php(751): CodeIgniter\Model->insert()
 9 APPPATH\Controllers\ResepController.php(41): CodeIgniter\BaseModel->save()
10 SYSTEMPATH\CodeIgniter.php(933): App\Controllers\ResepController->create()
11 SYSTEMPATH\CodeIgniter.php(509): CodeIgniter\CodeIgniter->runController()
12 SYSTEMPATH\CodeIgniter.php(355): CodeIgniter\CodeIgniter->handleRequest()
13 SYSTEMPATH\Boot.php(325): CodeIgniter\CodeIgniter->run()
14 SYSTEMPATH\Boot.php(67): CodeIgniter\Boot::runCodeIgniter()
15 FCPATH\index.php(56): CodeIgniter\Boot::bootWeb()
16 SYSTEMPATH\rewrite.php(44): require_once('C:\\xampp\\htdocs\\ci4\\public\\index.php')
ERROR - 2024-12-23 12:03:18 --> mysqli_sql_exception: Unknown column 'updated_at' in 'field list' in C:\xampp\htdocs\ci4\system\Database\MySQLi\Connection.php:312
Stack trace:
#0 C:\xampp\htdocs\ci4\system\Database\MySQLi\Connection.php(312): mysqli->query()
#1 C:\xampp\htdocs\ci4\system\Database\BaseConnection.php(734): CodeIgniter\Database\MySQLi\Connection->execute()
#2 C:\xampp\htdocs\ci4\system\Database\BaseConnection.php(648): CodeIgniter\Database\BaseConnection->simpleQuery()
#3 C:\xampp\htdocs\ci4\system\Database\BaseBuilder.php(2340): CodeIgniter\Database\BaseConnection->query()
#4 C:\xampp\htdocs\ci4\system\Model.php(394): CodeIgniter\Database\BaseBuilder->insert()
#5 C:\xampp\htdocs\ci4\system\BaseModel.php(840): CodeIgniter\Model->doInsert()
#6 C:\xampp\htdocs\ci4\system\Model.php(802): CodeIgniter\BaseModel->insert()
#7 C:\xampp\htdocs\ci4\system\BaseModel.php(751): CodeIgniter\Model->insert()
#8 C:\xampp\htdocs\ci4\app\Controllers\ResepController.php(41): CodeIgniter\BaseModel->save()
#9 C:\xampp\htdocs\ci4\system\CodeIgniter.php(933): App\Controllers\ResepController->create()
#10 C:\xampp\htdocs\ci4\system\CodeIgniter.php(509): CodeIgniter\CodeIgniter->runController()
#11 C:\xampp\htdocs\ci4\system\CodeIgniter.php(355): CodeIgniter\CodeIgniter->handleRequest()
#12 C:\xampp\htdocs\ci4\system\Boot.php(325): CodeIgniter\CodeIgniter->run()
#13 C:\xampp\htdocs\ci4\system\Boot.php(67): CodeIgniter\Boot::runCodeIgniter()
#14 C:\xampp\htdocs\ci4\public\index.php(56): CodeIgniter\Boot::bootWeb()
#15 C:\xampp\htdocs\ci4\system\rewrite.php(44): require_once('...')
#16 {main}
CRITICAL - 2024-12-23 12:03:18 --> CodeIgniter\Database\Exceptions\DatabaseException: Unknown column 'updated_at' in 'field list'
[Method: POST, Route: api/resep]
in SYSTEMPATH\Database\BaseConnection.php on line 688.
 1 SYSTEMPATH\Database\BaseBuilder.php(2340): CodeIgniter\Database\BaseConnection->query()
 2 SYSTEMPATH\Model.php(394): CodeIgniter\Database\BaseBuilder->insert()
 3 SYSTEMPATH\BaseModel.php(840): CodeIgniter\Model->doInsert()
 4 SYSTEMPATH\Model.php(802): CodeIgniter\BaseModel->insert()
 5 SYSTEMPATH\BaseModel.php(751): CodeIgniter\Model->insert()
 6 APPPATH\Controllers\ResepController.php(41): CodeIgniter\BaseModel->save()
 7 SYSTEMPATH\CodeIgniter.php(933): App\Controllers\ResepController->create()
 8 SYSTEMPATH\CodeIgniter.php(509): CodeIgniter\CodeIgniter->runController()
 9 SYSTEMPATH\CodeIgniter.php(355): CodeIgniter\CodeIgniter->handleRequest()
10 SYSTEMPATH\Boot.php(325): CodeIgniter\CodeIgniter->run()
11 SYSTEMPATH\Boot.php(67): CodeIgniter\Boot::runCodeIgniter()
12 FCPATH\index.php(56): CodeIgniter\Boot::bootWeb()
13 SYSTEMPATH\rewrite.php(44): require_once('C:\\xampp\\htdocs\\ci4\\public\\index.php')
CRITICAL - 2024-12-23 12:03:18 --> [Caused by] CodeIgniter\Database\Exceptions\DatabaseException: Unknown column 'updated_at' in 'field list'
in SYSTEMPATH\Database\MySQLi\Connection.php on line 317.
 1 SYSTEMPATH\Database\BaseConnection.php(734): CodeIgniter\Database\MySQLi\Connection->execute()
 2 SYSTEMPATH\Database\BaseConnection.php(648): CodeIgniter\Database\BaseConnection->simpleQuery()
 3 SYSTEMPATH\Database\BaseBuilder.php(2340): CodeIgniter\Database\BaseConnection->query()
 4 SYSTEMPATH\Model.php(394): CodeIgniter\Database\BaseBuilder->insert()
 5 SYSTEMPATH\BaseModel.php(840): CodeIgniter\Model->doInsert()
 6 SYSTEMPATH\Model.php(802): CodeIgniter\BaseModel->insert()
 7 SYSTEMPATH\BaseModel.php(751): CodeIgniter\Model->insert()
 8 APPPATH\Controllers\ResepController.php(41): CodeIgniter\BaseModel->save()
 9 SYSTEMPATH\CodeIgniter.php(933): App\Controllers\ResepController->create()
10 SYSTEMPATH\CodeIgniter.php(509): CodeIgniter\CodeIgniter->runController()
11 SYSTEMPATH\CodeIgniter.php(355): CodeIgniter\CodeIgniter->handleRequest()
12 SYSTEMPATH\Boot.php(325): CodeIgniter\CodeIgniter->run()
13 SYSTEMPATH\Boot.php(67): CodeIgniter\Boot::runCodeIgniter()
14 FCPATH\index.php(56): CodeIgniter\Boot::bootWeb()
15 SYSTEMPATH\rewrite.php(44): require_once('C:\\xampp\\htdocs\\ci4\\public\\index.php')
CRITICAL - 2024-12-23 12:03:18 --> [Caused by] mysqli_sql_exception: Unknown column 'updated_at' in 'field list'
in SYSTEMPATH\Database\MySQLi\Connection.php on line 312.
 1 SYSTEMPATH\Database\MySQLi\Connection.php(312): mysqli->query()
 2 SYSTEMPATH\Database\BaseConnection.php(734): CodeIgniter\Database\MySQLi\Connection->execute()
 3 SYSTEMPATH\Database\BaseConnection.php(648): CodeIgniter\Database\BaseConnection->simpleQuery()
 4 SYSTEMPATH\Database\BaseBuilder.php(2340): CodeIgniter\Database\BaseConnection->query()
 5 SYSTEMPATH\Model.php(394): CodeIgniter\Database\BaseBuilder->insert()
 6 SYSTEMPATH\BaseModel.php(840): CodeIgniter\Model->doInsert()
 7 SYSTEMPATH\Model.php(802): CodeIgniter\BaseModel->insert()
 8 SYSTEMPATH\BaseModel.php(751): CodeIgniter\Model->insert()
 9 APPPATH\Controllers\ResepController.php(41): CodeIgniter\BaseModel->save()
10 SYSTEMPATH\CodeIgniter.php(933): App\Controllers\ResepController->create()
11 SYSTEMPATH\CodeIgniter.php(509): CodeIgniter\CodeIgniter->runController()
12 SYSTEMPATH\CodeIgniter.php(355): CodeIgniter\CodeIgniter->handleRequest()
13 SYSTEMPATH\Boot.php(325): CodeIgniter\CodeIgniter->run()
14 SYSTEMPATH\Boot.php(67): CodeIgniter\Boot::runCodeIgniter()
15 FCPATH\index.php(56): CodeIgniter\Boot::bootWeb()
16 SYSTEMPATH\rewrite.php(44): require_once('C:\\xampp\\htdocs\\ci4\\public\\index.php')
ERROR - 2024-12-23 12:03:40 --> mysqli_sql_exception: Unknown column 'updated_at' in 'field list' in C:\xampp\htdocs\ci4\system\Database\MySQLi\Connection.php:312
Stack trace:
#0 C:\xampp\htdocs\ci4\system\Database\MySQLi\Connection.php(312): mysqli->query()
#1 C:\xampp\htdocs\ci4\system\Database\BaseConnection.php(734): CodeIgniter\Database\MySQLi\Connection->execute()
#2 C:\xampp\htdocs\ci4\system\Database\BaseConnection.php(648): CodeIgniter\Database\BaseConnection->simpleQuery()
#3 C:\xampp\htdocs\ci4\system\Database\BaseBuilder.php(2340): CodeIgniter\Database\BaseConnection->query()
#4 C:\xampp\htdocs\ci4\system\Model.php(394): CodeIgniter\Database\BaseBuilder->insert()
#5 C:\xampp\htdocs\ci4\system\BaseModel.php(840): CodeIgniter\Model->doInsert()
#6 C:\xampp\htdocs\ci4\system\Model.php(802): CodeIgniter\BaseModel->insert()
#7 C:\xampp\htdocs\ci4\system\BaseModel.php(751): CodeIgniter\Model->insert()
#8 C:\xampp\htdocs\ci4\app\Controllers\ResepController.php(41): CodeIgniter\BaseModel->save()
#9 C:\xampp\htdocs\ci4\system\CodeIgniter.php(933): App\Controllers\ResepController->create()
#10 C:\xampp\htdocs\ci4\system\CodeIgniter.php(509): CodeIgniter\CodeIgniter->runController()
#11 C:\xampp\htdocs\ci4\system\CodeIgniter.php(355): CodeIgniter\CodeIgniter->handleRequest()
#12 C:\xampp\htdocs\ci4\system\Boot.php(325): CodeIgniter\CodeIgniter->run()
#13 C:\xampp\htdocs\ci4\system\Boot.php(67): CodeIgniter\Boot::runCodeIgniter()
#14 C:\xampp\htdocs\ci4\public\index.php(56): CodeIgniter\Boot::bootWeb()
#15 C:\xampp\htdocs\ci4\system\rewrite.php(44): require_once('...')
#16 {main}
CRITICAL - 2024-12-23 12:03:40 --> CodeIgniter\Database\Exceptions\DatabaseException: Unknown column 'updated_at' in 'field list'
[Method: POST, Route: api/resep]
in SYSTEMPATH\Database\BaseConnection.php on line 688.
 1 SYSTEMPATH\Database\BaseBuilder.php(2340): CodeIgniter\Database\BaseConnection->query()
 2 SYSTEMPATH\Model.php(394): CodeIgniter\Database\BaseBuilder->insert()
 3 SYSTEMPATH\BaseModel.php(840): CodeIgniter\Model->doInsert()
 4 SYSTEMPATH\Model.php(802): CodeIgniter\BaseModel->insert()
 5 SYSTEMPATH\BaseModel.php(751): CodeIgniter\Model->insert()
 6 APPPATH\Controllers\ResepController.php(41): CodeIgniter\BaseModel->save()
 7 SYSTEMPATH\CodeIgniter.php(933): App\Controllers\ResepController->create()
 8 SYSTEMPATH\CodeIgniter.php(509): CodeIgniter\CodeIgniter->runController()
 9 SYSTEMPATH\CodeIgniter.php(355): CodeIgniter\CodeIgniter->handleRequest()
10 SYSTEMPATH\Boot.php(325): CodeIgniter\CodeIgniter->run()
11 SYSTEMPATH\Boot.php(67): CodeIgniter\Boot::runCodeIgniter()
12 FCPATH\index.php(56): CodeIgniter\Boot::bootWeb()
13 SYSTEMPATH\rewrite.php(44): require_once('C:\\xampp\\htdocs\\ci4\\public\\index.php')
CRITICAL - 2024-12-23 12:03:40 --> [Caused by] CodeIgniter\Database\Exceptions\DatabaseException: Unknown column 'updated_at' in 'field list'
in SYSTEMPATH\Database\MySQLi\Connection.php on line 317.
 1 SYSTEMPATH\Database\BaseConnection.php(734): CodeIgniter\Database\MySQLi\Connection->execute()
 2 SYSTEMPATH\Database\BaseConnection.php(648): CodeIgniter\Database\BaseConnection->simpleQuery()
 3 SYSTEMPATH\Database\BaseBuilder.php(2340): CodeIgniter\Database\BaseConnection->query()
 4 SYSTEMPATH\Model.php(394): CodeIgniter\Database\BaseBuilder->insert()
 5 SYSTEMPATH\BaseModel.php(840): CodeIgniter\Model->doInsert()
 6 SYSTEMPATH\Model.php(802): CodeIgniter\BaseModel->insert()
 7 SYSTEMPATH\BaseModel.php(751): CodeIgniter\Model->insert()
 8 APPPATH\Controllers\ResepController.php(41): CodeIgniter\BaseModel->save()
 9 SYSTEMPATH\CodeIgniter.php(933): App\Controllers\ResepController->create()
10 SYSTEMPATH\CodeIgniter.php(509): CodeIgniter\CodeIgniter->runController()
11 SYSTEMPATH\CodeIgniter.php(355): CodeIgniter\CodeIgniter->handleRequest()
12 SYSTEMPATH\Boot.php(325): CodeIgniter\CodeIgniter->run()
13 SYSTEMPATH\Boot.php(67): CodeIgniter\Boot::runCodeIgniter()
14 FCPATH\index.php(56): CodeIgniter\Boot::bootWeb()
15 SYSTEMPATH\rewrite.php(44): require_once('C:\\xampp\\htdocs\\ci4\\public\\index.php')
CRITICAL - 2024-12-23 12:03:40 --> [Caused by] mysqli_sql_exception: Unknown column 'updated_at' in 'field list'
in SYSTEMPATH\Database\MySQLi\Connection.php on line 312.
 1 SYSTEMPATH\Database\MySQLi\Connection.php(312): mysqli->query()
 2 SYSTEMPATH\Database\BaseConnection.php(734): CodeIgniter\Database\MySQLi\Connection->execute()
 3 SYSTEMPATH\Database\BaseConnection.php(648): CodeIgniter\Database\BaseConnection->simpleQuery()
 4 SYSTEMPATH\Database\BaseBuilder.php(2340): CodeIgniter\Database\BaseConnection->query()
 5 SYSTEMPATH\Model.php(394): CodeIgniter\Database\BaseBuilder->insert()
 6 SYSTEMPATH\BaseModel.php(840): CodeIgniter\Model->doInsert()
 7 SYSTEMPATH\Model.php(802): CodeIgniter\BaseModel->insert()
 8 SYSTEMPATH\BaseModel.php(751): CodeIgniter\Model->insert()
 9 APPPATH\Controllers\ResepController.php(41): CodeIgniter\BaseModel->save()
10 SYSTEMPATH\CodeIgniter.php(933): App\Controllers\ResepController->create()
11 SYSTEMPATH\CodeIgniter.php(509): CodeIgniter\CodeIgniter->runController()
12 SYSTEMPATH\CodeIgniter.php(355): CodeIgniter\CodeIgniter->handleRequest()
13 SYSTEMPATH\Boot.php(325): CodeIgniter\CodeIgniter->run()
14 SYSTEMPATH\Boot.php(67): CodeIgniter\Boot::runCodeIgniter()
15 FCPATH\index.php(56): CodeIgniter\Boot::bootWeb()
16 SYSTEMPATH\rewrite.php(44): require_once('C:\\xampp\\htdocs\\ci4\\public\\index.php')
ERROR - 2024-12-23 12:07:17 --> mysqli_sql_exception: Unknown column 'updated_at' in 'field list' in C:\xampp\htdocs\ci4\system\Database\MySQLi\Connection.php:312
Stack trace:
#0 C:\xampp\htdocs\ci4\system\Database\MySQLi\Connection.php(312): mysqli->query()
#1 C:\xampp\htdocs\ci4\system\Database\BaseConnection.php(734): CodeIgniter\Database\MySQLi\Connection->execute()
#2 C:\xampp\htdocs\ci4\system\Database\BaseConnection.php(648): CodeIgniter\Database\BaseConnection->simpleQuery()
#3 C:\xampp\htdocs\ci4\system\Database\BaseBuilder.php(2340): CodeIgniter\Database\BaseConnection->query()
#4 C:\xampp\htdocs\ci4\system\Model.php(394): CodeIgniter\Database\BaseBuilder->insert()
#5 C:\xampp\htdocs\ci4\system\BaseModel.php(840): CodeIgniter\Model->doInsert()
#6 C:\xampp\htdocs\ci4\system\Model.php(802): CodeIgniter\BaseModel->insert()
#7 C:\xampp\htdocs\ci4\system\BaseModel.php(751): CodeIgniter\Model->insert()
#8 C:\xampp\htdocs\ci4\app\Controllers\ResepController.php(50): CodeIgniter\BaseModel->save()
#9 C:\xampp\htdocs\ci4\system\CodeIgniter.php(933): App\Controllers\ResepController->create()
#10 C:\xampp\htdocs\ci4\system\CodeIgniter.php(509): CodeIgniter\CodeIgniter->runController()
#11 C:\xampp\htdocs\ci4\system\CodeIgniter.php(355): CodeIgniter\CodeIgniter->handleRequest()
#12 C:\xampp\htdocs\ci4\system\Boot.php(325): CodeIgniter\CodeIgniter->run()
#13 C:\xampp\htdocs\ci4\system\Boot.php(67): CodeIgniter\Boot::runCodeIgniter()
#14 C:\xampp\htdocs\ci4\public\index.php(56): CodeIgniter\Boot::bootWeb()
#15 C:\xampp\htdocs\ci4\system\rewrite.php(44): require_once('...')
#16 {main}
CRITICAL - 2024-12-23 12:07:17 --> CodeIgniter\Database\Exceptions\DatabaseException: Unknown column 'updated_at' in 'field list'
[Method: POST, Route: api/resep]
in SYSTEMPATH\Database\BaseConnection.php on line 688.
 1 SYSTEMPATH\Database\BaseBuilder.php(2340): CodeIgniter\Database\BaseConnection->query()
 2 SYSTEMPATH\Model.php(394): CodeIgniter\Database\BaseBuilder->insert()
 3 SYSTEMPATH\BaseModel.php(840): CodeIgniter\Model->doInsert()
 4 SYSTEMPATH\Model.php(802): CodeIgniter\BaseModel->insert()
 5 SYSTEMPATH\BaseModel.php(751): CodeIgniter\Model->insert()
 6 APPPATH\Controllers\ResepController.php(50): CodeIgniter\BaseModel->save()
 7 SYSTEMPATH\CodeIgniter.php(933): App\Controllers\ResepController->create()
 8 SYSTEMPATH\CodeIgniter.php(509): CodeIgniter\CodeIgniter->runController()
 9 SYSTEMPATH\CodeIgniter.php(355): CodeIgniter\CodeIgniter->handleRequest()
10 SYSTEMPATH\Boot.php(325): CodeIgniter\CodeIgniter->run()
11 SYSTEMPATH\Boot.php(67): CodeIgniter\Boot::runCodeIgniter()
12 FCPATH\index.php(56): CodeIgniter\Boot::bootWeb()
13 SYSTEMPATH\rewrite.php(44): require_once('C:\\xampp\\htdocs\\ci4\\public\\index.php')
CRITICAL - 2024-12-23 12:07:17 --> [Caused by] CodeIgniter\Database\Exceptions\DatabaseException: Unknown column 'updated_at' in 'field list'
in SYSTEMPATH\Database\MySQLi\Connection.php on line 317.
 1 SYSTEMPATH\Database\BaseConnection.php(734): CodeIgniter\Database\MySQLi\Connection->execute()
 2 SYSTEMPATH\Database\BaseConnection.php(648): CodeIgniter\Database\BaseConnection->simpleQuery()
 3 SYSTEMPATH\Database\BaseBuilder.php(2340): CodeIgniter\Database\BaseConnection->query()
 4 SYSTEMPATH\Model.php(394): CodeIgniter\Database\BaseBuilder->insert()
 5 SYSTEMPATH\BaseModel.php(840): CodeIgniter\Model->doInsert()
 6 SYSTEMPATH\Model.php(802): CodeIgniter\BaseModel->insert()
 7 SYSTEMPATH\BaseModel.php(751): CodeIgniter\Model->insert()
 8 APPPATH\Controllers\ResepController.php(50): CodeIgniter\BaseModel->save()
 9 SYSTEMPATH\CodeIgniter.php(933): App\Controllers\ResepController->create()
10 SYSTEMPATH\CodeIgniter.php(509): CodeIgniter\CodeIgniter->runController()
11 SYSTEMPATH\CodeIgniter.php(355): CodeIgniter\CodeIgniter->handleRequest()
12 SYSTEMPATH\Boot.php(325): CodeIgniter\CodeIgniter->run()
13 SYSTEMPATH\Boot.php(67): CodeIgniter\Boot::runCodeIgniter()
14 FCPATH\index.php(56): CodeIgniter\Boot::bootWeb()
15 SYSTEMPATH\rewrite.php(44): require_once('C:\\xampp\\htdocs\\ci4\\public\\index.php')
CRITICAL - 2024-12-23 12:07:17 --> [Caused by] mysqli_sql_exception: Unknown column 'updated_at' in 'field list'
in SYSTEMPATH\Database\MySQLi\Connection.php on line 312.
 1 SYSTEMPATH\Database\MySQLi\Connection.php(312): mysqli->query()
 2 SYSTEMPATH\Database\BaseConnection.php(734): CodeIgniter\Database\MySQLi\Connection->execute()
 3 SYSTEMPATH\Database\BaseConnection.php(648): CodeIgniter\Database\BaseConnection->simpleQuery()
 4 SYSTEMPATH\Database\BaseBuilder.php(2340): CodeIgniter\Database\BaseConnection->query()
 5 SYSTEMPATH\Model.php(394): CodeIgniter\Database\BaseBuilder->insert()
 6 SYSTEMPATH\BaseModel.php(840): CodeIgniter\Model->doInsert()
 7 SYSTEMPATH\Model.php(802): CodeIgniter\BaseModel->insert()
 8 SYSTEMPATH\BaseModel.php(751): CodeIgniter\Model->insert()
 9 APPPATH\Controllers\ResepController.php(50): CodeIgniter\BaseModel->save()
10 SYSTEMPATH\CodeIgniter.php(933): App\Controllers\ResepController->create()
11 SYSTEMPATH\CodeIgniter.php(509): CodeIgniter\CodeIgniter->runController()
12 SYSTEMPATH\CodeIgniter.php(355): CodeIgniter\CodeIgniter->handleRequest()
13 SYSTEMPATH\Boot.php(325): CodeIgniter\CodeIgniter->run()
14 SYSTEMPATH\Boot.php(67): CodeIgniter\Boot::runCodeIgniter()
15 FCPATH\index.php(56): CodeIgniter\Boot::bootWeb()
16 SYSTEMPATH\rewrite.php(44): require_once('C:\\xampp\\htdocs\\ci4\\public\\index.php')
ERROR - 2024-12-23 12:07:51 --> mysqli_sql_exception: Unknown column 'updated_at' in 'field list' in C:\xampp\htdocs\ci4\system\Database\MySQLi\Connection.php:312
Stack trace:
#0 C:\xampp\htdocs\ci4\system\Database\MySQLi\Connection.php(312): mysqli->query()
#1 C:\xampp\htdocs\ci4\system\Database\BaseConnection.php(734): CodeIgniter\Database\MySQLi\Connection->execute()
#2 C:\xampp\htdocs\ci4\system\Database\BaseConnection.php(648): CodeIgniter\Database\BaseConnection->simpleQuery()
#3 C:\xampp\htdocs\ci4\system\Database\BaseBuilder.php(2340): CodeIgniter\Database\BaseConnection->query()
#4 C:\xampp\htdocs\ci4\system\Model.php(394): CodeIgniter\Database\BaseBuilder->insert()
#5 C:\xampp\htdocs\ci4\system\BaseModel.php(840): CodeIgniter\Model->doInsert()
#6 C:\xampp\htdocs\ci4\system\Model.php(802): CodeIgniter\BaseModel->insert()
#7 C:\xampp\htdocs\ci4\system\BaseModel.php(751): CodeIgniter\Model->insert()
#8 C:\xampp\htdocs\ci4\app\Controllers\ResepController.php(50): CodeIgniter\BaseModel->save()
#9 C:\xampp\htdocs\ci4\system\CodeIgniter.php(933): App\Controllers\ResepController->create()
#10 C:\xampp\htdocs\ci4\system\CodeIgniter.php(509): CodeIgniter\CodeIgniter->runController()
#11 C:\xampp\htdocs\ci4\system\CodeIgniter.php(355): CodeIgniter\CodeIgniter->handleRequest()
#12 C:\xampp\htdocs\ci4\system\Boot.php(325): CodeIgniter\CodeIgniter->run()
#13 C:\xampp\htdocs\ci4\system\Boot.php(67): CodeIgniter\Boot::runCodeIgniter()
#14 C:\xampp\htdocs\ci4\public\index.php(56): CodeIgniter\Boot::bootWeb()
#15 C:\xampp\htdocs\ci4\system\rewrite.php(44): require_once('...')
#16 {main}
CRITICAL - 2024-12-23 12:07:51 --> CodeIgniter\Database\Exceptions\DatabaseException: Unknown column 'updated_at' in 'field list'
[Method: POST, Route: api/resep]
in SYSTEMPATH\Database\BaseConnection.php on line 688.
 1 SYSTEMPATH\Database\BaseBuilder.php(2340): CodeIgniter\Database\BaseConnection->query()
 2 SYSTEMPATH\Model.php(394): CodeIgniter\Database\BaseBuilder->insert()
 3 SYSTEMPATH\BaseModel.php(840): CodeIgniter\Model->doInsert()
 4 SYSTEMPATH\Model.php(802): CodeIgniter\BaseModel->insert()
 5 SYSTEMPATH\BaseModel.php(751): CodeIgniter\Model->insert()
 6 APPPATH\Controllers\ResepController.php(50): CodeIgniter\BaseModel->save()
 7 SYSTEMPATH\CodeIgniter.php(933): App\Controllers\ResepController->create()
 8 SYSTEMPATH\CodeIgniter.php(509): CodeIgniter\CodeIgniter->runController()
 9 SYSTEMPATH\CodeIgniter.php(355): CodeIgniter\CodeIgniter->handleRequest()
10 SYSTEMPATH\Boot.php(325): CodeIgniter\CodeIgniter->run()
11 SYSTEMPATH\Boot.php(67): CodeIgniter\Boot::runCodeIgniter()
12 FCPATH\index.php(56): CodeIgniter\Boot::bootWeb()
13 SYSTEMPATH\rewrite.php(44): require_once('C:\\xampp\\htdocs\\ci4\\public\\index.php')
CRITICAL - 2024-12-23 12:07:51 --> [Caused by] CodeIgniter\Database\Exceptions\DatabaseException: Unknown column 'updated_at' in 'field list'
in SYSTEMPATH\Database\MySQLi\Connection.php on line 317.
 1 SYSTEMPATH\Database\BaseConnection.php(734): CodeIgniter\Database\MySQLi\Connection->execute()
 2 SYSTEMPATH\Database\BaseConnection.php(648): CodeIgniter\Database\BaseConnection->simpleQuery()
 3 SYSTEMPATH\Database\BaseBuilder.php(2340): CodeIgniter\Database\BaseConnection->query()
 4 SYSTEMPATH\Model.php(394): CodeIgniter\Database\BaseBuilder->insert()
 5 SYSTEMPATH\BaseModel.php(840): CodeIgniter\Model->doInsert()
 6 SYSTEMPATH\Model.php(802): CodeIgniter\BaseModel->insert()
 7 SYSTEMPATH\BaseModel.php(751): CodeIgniter\Model->insert()
 8 APPPATH\Controllers\ResepController.php(50): CodeIgniter\BaseModel->save()
 9 SYSTEMPATH\CodeIgniter.php(933): App\Controllers\ResepController->create()
10 SYSTEMPATH\CodeIgniter.php(509): CodeIgniter\CodeIgniter->runController()
11 SYSTEMPATH\CodeIgniter.php(355): CodeIgniter\CodeIgniter->handleRequest()
12 SYSTEMPATH\Boot.php(325): CodeIgniter\CodeIgniter->run()
13 SYSTEMPATH\Boot.php(67): CodeIgniter\Boot::runCodeIgniter()
14 FCPATH\index.php(56): CodeIgniter\Boot::bootWeb()
15 SYSTEMPATH\rewrite.php(44): require_once('C:\\xampp\\htdocs\\ci4\\public\\index.php')
CRITICAL - 2024-12-23 12:07:51 --> [Caused by] mysqli_sql_exception: Unknown column 'updated_at' in 'field list'
in SYSTEMPATH\Database\MySQLi\Connection.php on line 312.
 1 SYSTEMPATH\Database\MySQLi\Connection.php(312): mysqli->query()
 2 SYSTEMPATH\Database\BaseConnection.php(734): CodeIgniter\Database\MySQLi\Connection->execute()
 3 SYSTEMPATH\Database\BaseConnection.php(648): CodeIgniter\Database\BaseConnection->simpleQuery()
 4 SYSTEMPATH\Database\BaseBuilder.php(2340): CodeIgniter\Database\BaseConnection->query()
 5 SYSTEMPATH\Model.php(394): CodeIgniter\Database\BaseBuilder->insert()
 6 SYSTEMPATH\BaseModel.php(840): CodeIgniter\Model->doInsert()
 7 SYSTEMPATH\Model.php(802): CodeIgniter\BaseModel->insert()
 8 SYSTEMPATH\BaseModel.php(751): CodeIgniter\Model->insert()
 9 APPPATH\Controllers\ResepController.php(50): CodeIgniter\BaseModel->save()
10 SYSTEMPATH\CodeIgniter.php(933): App\Controllers\ResepController->create()
11 SYSTEMPATH\CodeIgniter.php(509): CodeIgniter\CodeIgniter->runController()
12 SYSTEMPATH\CodeIgniter.php(355): CodeIgniter\CodeIgniter->handleRequest()
13 SYSTEMPATH\Boot.php(325): CodeIgniter\CodeIgniter->run()
14 SYSTEMPATH\Boot.php(67): CodeIgniter\Boot::runCodeIgniter()
15 FCPATH\index.php(56): CodeIgniter\Boot::bootWeb()
16 SYSTEMPATH\rewrite.php(44): require_once('C:\\xampp\\htdocs\\ci4\\public\\index.php')
ERROR - 2024-12-23 12:09:11 --> mysqli_sql_exception: Unknown column 'updated_at' in 'field list' in C:\xampp\htdocs\ci4\system\Database\MySQLi\Connection.php:312
Stack trace:
#0 C:\xampp\htdocs\ci4\system\Database\MySQLi\Connection.php(312): mysqli->query()
#1 C:\xampp\htdocs\ci4\system\Database\BaseConnection.php(734): CodeIgniter\Database\MySQLi\Connection->execute()
#2 C:\xampp\htdocs\ci4\system\Database\BaseConnection.php(648): CodeIgniter\Database\BaseConnection->simpleQuery()
#3 C:\xampp\htdocs\ci4\system\Database\BaseBuilder.php(2340): CodeIgniter\Database\BaseConnection->query()
#4 C:\xampp\htdocs\ci4\system\Model.php(394): CodeIgniter\Database\BaseBuilder->insert()
#5 C:\xampp\htdocs\ci4\system\BaseModel.php(840): CodeIgniter\Model->doInsert()
#6 C:\xampp\htdocs\ci4\system\Model.php(802): CodeIgniter\BaseModel->insert()
#7 C:\xampp\htdocs\ci4\system\BaseModel.php(751): CodeIgniter\Model->insert()
#8 C:\xampp\htdocs\ci4\app\Controllers\ResepController.php(50): CodeIgniter\BaseModel->save()
#9 C:\xampp\htdocs\ci4\system\CodeIgniter.php(933): App\Controllers\ResepController->create()
#10 C:\xampp\htdocs\ci4\system\CodeIgniter.php(509): CodeIgniter\CodeIgniter->runController()
#11 C:\xampp\htdocs\ci4\system\CodeIgniter.php(355): CodeIgniter\CodeIgniter->handleRequest()
#12 C:\xampp\htdocs\ci4\system\Boot.php(325): CodeIgniter\CodeIgniter->run()
#13 C:\xampp\htdocs\ci4\system\Boot.php(67): CodeIgniter\Boot::runCodeIgniter()
#14 C:\xampp\htdocs\ci4\public\index.php(56): CodeIgniter\Boot::bootWeb()
#15 C:\xampp\htdocs\ci4\system\rewrite.php(44): require_once('...')
#16 {main}
CRITICAL - 2024-12-23 12:09:11 --> CodeIgniter\Database\Exceptions\DatabaseException: Unknown column 'updated_at' in 'field list'
[Method: POST, Route: api/resep]
in SYSTEMPATH\Database\BaseConnection.php on line 688.
 1 SYSTEMPATH\Database\BaseBuilder.php(2340): CodeIgniter\Database\BaseConnection->query()
 2 SYSTEMPATH\Model.php(394): CodeIgniter\Database\BaseBuilder->insert()
 3 SYSTEMPATH\BaseModel.php(840): CodeIgniter\Model->doInsert()
 4 SYSTEMPATH\Model.php(802): CodeIgniter\BaseModel->insert()
 5 SYSTEMPATH\BaseModel.php(751): CodeIgniter\Model->insert()
 6 APPPATH\Controllers\ResepController.php(50): CodeIgniter\BaseModel->save()
 7 SYSTEMPATH\CodeIgniter.php(933): App\Controllers\ResepController->create()
 8 SYSTEMPATH\CodeIgniter.php(509): CodeIgniter\CodeIgniter->runController()
 9 SYSTEMPATH\CodeIgniter.php(355): CodeIgniter\CodeIgniter->handleRequest()
10 SYSTEMPATH\Boot.php(325): CodeIgniter\CodeIgniter->run()
11 SYSTEMPATH\Boot.php(67): CodeIgniter\Boot::runCodeIgniter()
12 FCPATH\index.php(56): CodeIgniter\Boot::bootWeb()
13 SYSTEMPATH\rewrite.php(44): require_once('C:\\xampp\\htdocs\\ci4\\public\\index.php')
CRITICAL - 2024-12-23 12:09:11 --> [Caused by] CodeIgniter\Database\Exceptions\DatabaseException: Unknown column 'updated_at' in 'field list'
in SYSTEMPATH\Database\MySQLi\Connection.php on line 317.
 1 SYSTEMPATH\Database\BaseConnection.php(734): CodeIgniter\Database\MySQLi\Connection->execute()
 2 SYSTEMPATH\Database\BaseConnection.php(648): CodeIgniter\Database\BaseConnection->simpleQuery()
 3 SYSTEMPATH\Database\BaseBuilder.php(2340): CodeIgniter\Database\BaseConnection->query()
 4 SYSTEMPATH\Model.php(394): CodeIgniter\Database\BaseBuilder->insert()
 5 SYSTEMPATH\BaseModel.php(840): CodeIgniter\Model->doInsert()
 6 SYSTEMPATH\Model.php(802): CodeIgniter\BaseModel->insert()
 7 SYSTEMPATH\BaseModel.php(751): CodeIgniter\Model->insert()
 8 APPPATH\Controllers\ResepController.php(50): CodeIgniter\BaseModel->save()
 9 SYSTEMPATH\CodeIgniter.php(933): App\Controllers\ResepController->create()
10 SYSTEMPATH\CodeIgniter.php(509): CodeIgniter\CodeIgniter->runController()
11 SYSTEMPATH\CodeIgniter.php(355): CodeIgniter\CodeIgniter->handleRequest()
12 SYSTEMPATH\Boot.php(325): CodeIgniter\CodeIgniter->run()
13 SYSTEMPATH\Boot.php(67): CodeIgniter\Boot::runCodeIgniter()
14 FCPATH\index.php(56): CodeIgniter\Boot::bootWeb()
15 SYSTEMPATH\rewrite.php(44): require_once('C:\\xampp\\htdocs\\ci4\\public\\index.php')
CRITICAL - 2024-12-23 12:09:11 --> [Caused by] mysqli_sql_exception: Unknown column 'updated_at' in 'field list'
in SYSTEMPATH\Database\MySQLi\Connection.php on line 312.
 1 SYSTEMPATH\Database\MySQLi\Connection.php(312): mysqli->query()
 2 SYSTEMPATH\Database\BaseConnection.php(734): CodeIgniter\Database\MySQLi\Connection->execute()
 3 SYSTEMPATH\Database\BaseConnection.php(648): CodeIgniter\Database\BaseConnection->simpleQuery()
 4 SYSTEMPATH\Database\BaseBuilder.php(2340): CodeIgniter\Database\BaseConnection->query()
 5 SYSTEMPATH\Model.php(394): CodeIgniter\Database\BaseBuilder->insert()
 6 SYSTEMPATH\BaseModel.php(840): CodeIgniter\Model->doInsert()
 7 SYSTEMPATH\Model.php(802): CodeIgniter\BaseModel->insert()
 8 SYSTEMPATH\BaseModel.php(751): CodeIgniter\Model->insert()
 9 APPPATH\Controllers\ResepController.php(50): CodeIgniter\BaseModel->save()
10 SYSTEMPATH\CodeIgniter.php(933): App\Controllers\ResepController->create()
11 SYSTEMPATH\CodeIgniter.php(509): CodeIgniter\CodeIgniter->runController()
12 SYSTEMPATH\CodeIgniter.php(355): CodeIgniter\CodeIgniter->handleRequest()
13 SYSTEMPATH\Boot.php(325): CodeIgniter\CodeIgniter->run()
14 SYSTEMPATH\Boot.php(67): CodeIgniter\Boot::runCodeIgniter()
15 FCPATH\index.php(56): CodeIgniter\Boot::bootWeb()
16 SYSTEMPATH\rewrite.php(44): require_once('C:\\xampp\\htdocs\\ci4\\public\\index.php')
ERROR - 2024-12-23 12:09:19 --> mysqli_sql_exception: Unknown column 'updated_at' in 'field list' in C:\xampp\htdocs\ci4\system\Database\MySQLi\Connection.php:312
Stack trace:
#0 C:\xampp\htdocs\ci4\system\Database\MySQLi\Connection.php(312): mysqli->query()
#1 C:\xampp\htdocs\ci4\system\Database\BaseConnection.php(734): CodeIgniter\Database\MySQLi\Connection->execute()
#2 C:\xampp\htdocs\ci4\system\Database\BaseConnection.php(648): CodeIgniter\Database\BaseConnection->simpleQuery()
#3 C:\xampp\htdocs\ci4\system\Database\BaseBuilder.php(2340): CodeIgniter\Database\BaseConnection->query()
#4 C:\xampp\htdocs\ci4\system\Model.php(394): CodeIgniter\Database\BaseBuilder->insert()
#5 C:\xampp\htdocs\ci4\system\BaseModel.php(840): CodeIgniter\Model->doInsert()
#6 C:\xampp\htdocs\ci4\system\Model.php(802): CodeIgniter\BaseModel->insert()
#7 C:\xampp\htdocs\ci4\system\BaseModel.php(751): CodeIgniter\Model->insert()
#8 C:\xampp\htdocs\ci4\app\Controllers\ResepController.php(50): CodeIgniter\BaseModel->save()
#9 C:\xampp\htdocs\ci4\system\CodeIgniter.php(933): App\Controllers\ResepController->create()
#10 C:\xampp\htdocs\ci4\system\CodeIgniter.php(509): CodeIgniter\CodeIgniter->runController()
#11 C:\xampp\htdocs\ci4\system\CodeIgniter.php(355): CodeIgniter\CodeIgniter->handleRequest()
#12 C:\xampp\htdocs\ci4\system\Boot.php(325): CodeIgniter\CodeIgniter->run()
#13 C:\xampp\htdocs\ci4\system\Boot.php(67): CodeIgniter\Boot::runCodeIgniter()
#14 C:\xampp\htdocs\ci4\public\index.php(56): CodeIgniter\Boot::bootWeb()
#15 C:\xampp\htdocs\ci4\system\rewrite.php(44): require_once('...')
#16 {main}
CRITICAL - 2024-12-23 12:09:19 --> CodeIgniter\Database\Exceptions\DatabaseException: Unknown column 'updated_at' in 'field list'
[Method: POST, Route: api/resep]
in SYSTEMPATH\Database\BaseConnection.php on line 688.
 1 SYSTEMPATH\Database\BaseBuilder.php(2340): CodeIgniter\Database\BaseConnection->query()
 2 SYSTEMPATH\Model.php(394): CodeIgniter\Database\BaseBuilder->insert()
 3 SYSTEMPATH\BaseModel.php(840): CodeIgniter\Model->doInsert()
 4 SYSTEMPATH\Model.php(802): CodeIgniter\BaseModel->insert()
 5 SYSTEMPATH\BaseModel.php(751): CodeIgniter\Model->insert()
 6 APPPATH\Controllers\ResepController.php(50): CodeIgniter\BaseModel->save()
 7 SYSTEMPATH\CodeIgniter.php(933): App\Controllers\ResepController->create()
 8 SYSTEMPATH\CodeIgniter.php(509): CodeIgniter\CodeIgniter->runController()
 9 SYSTEMPATH\CodeIgniter.php(355): CodeIgniter\CodeIgniter->handleRequest()
10 SYSTEMPATH\Boot.php(325): CodeIgniter\CodeIgniter->run()
11 SYSTEMPATH\Boot.php(67): CodeIgniter\Boot::runCodeIgniter()
12 FCPATH\index.php(56): CodeIgniter\Boot::bootWeb()
13 SYSTEMPATH\rewrite.php(44): require_once('C:\\xampp\\htdocs\\ci4\\public\\index.php')
CRITICAL - 2024-12-23 12:09:19 --> [Caused by] CodeIgniter\Database\Exceptions\DatabaseException: Unknown column 'updated_at' in 'field list'
in SYSTEMPATH\Database\MySQLi\Connection.php on line 317.
 1 SYSTEMPATH\Database\BaseConnection.php(734): CodeIgniter\Database\MySQLi\Connection->execute()
 2 SYSTEMPATH\Database\BaseConnection.php(648): CodeIgniter\Database\BaseConnection->simpleQuery()
 3 SYSTEMPATH\Database\BaseBuilder.php(2340): CodeIgniter\Database\BaseConnection->query()
 4 SYSTEMPATH\Model.php(394): CodeIgniter\Database\BaseBuilder->insert()
 5 SYSTEMPATH\BaseModel.php(840): CodeIgniter\Model->doInsert()
 6 SYSTEMPATH\Model.php(802): CodeIgniter\BaseModel->insert()
 7 SYSTEMPATH\BaseModel.php(751): CodeIgniter\Model->insert()
 8 APPPATH\Controllers\ResepController.php(50): CodeIgniter\BaseModel->save()
 9 SYSTEMPATH\CodeIgniter.php(933): App\Controllers\ResepController->create()
10 SYSTEMPATH\CodeIgniter.php(509): CodeIgniter\CodeIgniter->runController()
11 SYSTEMPATH\CodeIgniter.php(355): CodeIgniter\CodeIgniter->handleRequest()
12 SYSTEMPATH\Boot.php(325): CodeIgniter\CodeIgniter->run()
13 SYSTEMPATH\Boot.php(67): CodeIgniter\Boot::runCodeIgniter()
14 FCPATH\index.php(56): CodeIgniter\Boot::bootWeb()
15 SYSTEMPATH\rewrite.php(44): require_once('C:\\xampp\\htdocs\\ci4\\public\\index.php')
CRITICAL - 2024-12-23 12:09:19 --> [Caused by] mysqli_sql_exception: Unknown column 'updated_at' in 'field list'
in SYSTEMPATH\Database\MySQLi\Connection.php on line 312.
 1 SYSTEMPATH\Database\MySQLi\Connection.php(312): mysqli->query()
 2 SYSTEMPATH\Database\BaseConnection.php(734): CodeIgniter\Database\MySQLi\Connection->execute()
 3 SYSTEMPATH\Database\BaseConnection.php(648): CodeIgniter\Database\BaseConnection->simpleQuery()
 4 SYSTEMPATH\Database\BaseBuilder.php(2340): CodeIgniter\Database\BaseConnection->query()
 5 SYSTEMPATH\Model.php(394): CodeIgniter\Database\BaseBuilder->insert()
 6 SYSTEMPATH\BaseModel.php(840): CodeIgniter\Model->doInsert()
 7 SYSTEMPATH\Model.php(802): CodeIgniter\BaseModel->insert()
 8 SYSTEMPATH\BaseModel.php(751): CodeIgniter\Model->insert()
 9 APPPATH\Controllers\ResepController.php(50): CodeIgniter\BaseModel->save()
10 SYSTEMPATH\CodeIgniter.php(933): App\Controllers\ResepController->create()
11 SYSTEMPATH\CodeIgniter.php(509): CodeIgniter\CodeIgniter->runController()
12 SYSTEMPATH\CodeIgniter.php(355): CodeIgniter\CodeIgniter->handleRequest()
13 SYSTEMPATH\Boot.php(325): CodeIgniter\CodeIgniter->run()
14 SYSTEMPATH\Boot.php(67): CodeIgniter\Boot::runCodeIgniter()
15 FCPATH\index.php(56): CodeIgniter\Boot::bootWeb()
16 SYSTEMPATH\rewrite.php(44): require_once('C:\\xampp\\htdocs\\ci4\\public\\index.php')
CRITICAL - 2024-12-23 12:20:38 --> ErrorException: Undefined variable $reseps
[Method: GET, Route: testi]
in APPPATH\Views\TestFormResep.php on line 13.
 1 APPPATH\Views\TestFormResep.php(13): CodeIgniter\Debug\Exceptions->errorHandler()
 2 SYSTEMPATH\View\View.php(234): include('C:\\xampp\\htdocs\\ci4\\app\\Views\\TestFormResep.php')
 3 SYSTEMPATH\View\View.php(237): CodeIgniter\View\View->CodeIgniter\View\{closure}()
 4 SYSTEMPATH\Common.php(1171): CodeIgniter\View\View->render()
 5 APPPATH\Controllers\Semua.php(60): view()
 6 SYSTEMPATH\CodeIgniter.php(933): App\Controllers\Semua->Test_resep()
 7 SYSTEMPATH\CodeIgniter.php(509): CodeIgniter\CodeIgniter->runController()
 8 SYSTEMPATH\CodeIgniter.php(355): CodeIgniter\CodeIgniter->handleRequest()
 9 SYSTEMPATH\Boot.php(325): CodeIgniter\CodeIgniter->run()
10 SYSTEMPATH\Boot.php(67): CodeIgniter\Boot::runCodeIgniter()
11 FCPATH\index.php(56): CodeIgniter\Boot::bootWeb()
12 SYSTEMPATH\rewrite.php(44): require_once('C:\\xampp\\htdocs\\ci4\\public\\index.php')
CRITICAL - 2024-12-23 12:20:52 --> ErrorException: Undefined variable $resep
[Method: GET, Route: testi]
in APPPATH\Views\TestFormResep.php on line 13.
 1 APPPATH\Views\TestFormResep.php(13): CodeIgniter\Debug\Exceptions->errorHandler()
 2 SYSTEMPATH\View\View.php(234): include('C:\\xampp\\htdocs\\ci4\\app\\Views\\TestFormResep.php')
 3 SYSTEMPATH\View\View.php(237): CodeIgniter\View\View->CodeIgniter\View\{closure}()
 4 SYSTEMPATH\Common.php(1171): CodeIgniter\View\View->render()
 5 APPPATH\Controllers\Semua.php(60): view()
 6 SYSTEMPATH\CodeIgniter.php(933): App\Controllers\Semua->Test_resep()
 7 SYSTEMPATH\CodeIgniter.php(509): CodeIgniter\CodeIgniter->runController()
 8 SYSTEMPATH\CodeIgniter.php(355): CodeIgniter\CodeIgniter->handleRequest()
 9 SYSTEMPATH\Boot.php(325): CodeIgniter\CodeIgniter->run()
10 SYSTEMPATH\Boot.php(67): CodeIgniter\Boot::runCodeIgniter()
11 FCPATH\index.php(56): CodeIgniter\Boot::bootWeb()
12 SYSTEMPATH\rewrite.php(44): require_once('C:\\xampp\\htdocs\\ci4\\public\\index.php')
CRITICAL - 2024-12-23 12:20:55 --> ErrorException: Undefined variable $resep
[Method: GET, Route: testi]
in APPPATH\Views\TestFormResep.php on line 13.
 1 APPPATH\Views\TestFormResep.php(13): CodeIgniter\Debug\Exceptions->errorHandler()
 2 SYSTEMPATH\View\View.php(234): include('C:\\xampp\\htdocs\\ci4\\app\\Views\\TestFormResep.php')
 3 SYSTEMPATH\View\View.php(237): CodeIgniter\View\View->CodeIgniter\View\{closure}()
 4 SYSTEMPATH\Common.php(1171): CodeIgniter\View\View->render()
 5 APPPATH\Controllers\Semua.php(60): view()
 6 SYSTEMPATH\CodeIgniter.php(933): App\Controllers\Semua->Test_resep()
 7 SYSTEMPATH\CodeIgniter.php(509): CodeIgniter\CodeIgniter->runController()
 8 SYSTEMPATH\CodeIgniter.php(355): CodeIgniter\CodeIgniter->handleRequest()
 9 SYSTEMPATH\Boot.php(325): CodeIgniter\CodeIgniter->run()
10 SYSTEMPATH\Boot.php(67): CodeIgniter\Boot::runCodeIgniter()
11 FCPATH\index.php(56): CodeIgniter\Boot::bootWeb()
12 SYSTEMPATH\rewrite.php(44): require_once('C:\\xampp\\htdocs\\ci4\\public\\index.php')
CRITICAL - 2024-12-23 12:21:06 --> ErrorException: Undefined variable $reseps
[Method: GET, Route: testi]
in APPPATH\Views\TestFormResep.php on line 13.
 1 APPPATH\Views\TestFormResep.php(13): CodeIgniter\Debug\Exceptions->errorHandler()
 2 SYSTEMPATH\View\View.php(234): include('C:\\xampp\\htdocs\\ci4\\app\\Views\\TestFormResep.php')
 3 SYSTEMPATH\View\View.php(237): CodeIgniter\View\View->CodeIgniter\View\{closure}()
 4 SYSTEMPATH\Common.php(1171): CodeIgniter\View\View->render()
 5 APPPATH\Controllers\Semua.php(60): view()
 6 SYSTEMPATH\CodeIgniter.php(933): App\Controllers\Semua->Test_resep()
 7 SYSTEMPATH\CodeIgniter.php(509): CodeIgniter\CodeIgniter->runController()
 8 SYSTEMPATH\CodeIgniter.php(355): CodeIgniter\CodeIgniter->handleRequest()
 9 SYSTEMPATH\Boot.php(325): CodeIgniter\CodeIgniter->run()
10 SYSTEMPATH\Boot.php(67): CodeIgniter\Boot::runCodeIgniter()
11 FCPATH\index.php(56): CodeIgniter\Boot::bootWeb()
12 SYSTEMPATH\rewrite.php(44): require_once('C:\\xampp\\htdocs\\ci4\\public\\index.php')
CRITICAL - 2024-12-23 12:42:12 --> ErrorException: Undefined variable $reseps
[Method: GET, Route: resep]
in APPPATH\Views\Resep.php on line 124.
 1 APPPATH\Views\Resep.php(124): CodeIgniter\Debug\Exceptions->errorHandler()
 2 SYSTEMPATH\View\View.php(234): include('C:\\xampp\\htdocs\\ci4\\app\\Views\\Resep.php')
 3 SYSTEMPATH\View\View.php(237): CodeIgniter\View\View->CodeIgniter\View\{closure}()
 4 SYSTEMPATH\Common.php(1171): CodeIgniter\View\View->render()
 5 APPPATH\Controllers\Semua.php(31): view()
 6 SYSTEMPATH\CodeIgniter.php(933): App\Controllers\Semua->resep()
 7 SYSTEMPATH\CodeIgniter.php(509): CodeIgniter\CodeIgniter->runController()
 8 SYSTEMPATH\CodeIgniter.php(355): CodeIgniter\CodeIgniter->handleRequest()
 9 SYSTEMPATH\Boot.php(325): CodeIgniter\CodeIgniter->run()
10 SYSTEMPATH\Boot.php(67): CodeIgniter\Boot::runCodeIgniter()
11 FCPATH\index.php(56): CodeIgniter\Boot::bootWeb()
12 SYSTEMPATH\rewrite.php(44): require_once('C:\\xampp\\htdocs\\ci4\\public\\index.php')
CRITICAL - 2024-12-23 12:43:36 --> ErrorException: Undefined variable $reseps
[Method: GET, Route: resep]
in APPPATH\Views\Resep.php on line 133.
 1 APPPATH\Views\Resep.php(133): CodeIgniter\Debug\Exceptions->errorHandler()
 2 SYSTEMPATH\View\View.php(234): include('C:\\xampp\\htdocs\\ci4\\app\\Views\\Resep.php')
 3 SYSTEMPATH\View\View.php(237): CodeIgniter\View\View->CodeIgniter\View\{closure}()
 4 SYSTEMPATH\Common.php(1171): CodeIgniter\View\View->render()
 5 APPPATH\Controllers\Semua.php(31): view()
 6 SYSTEMPATH\CodeIgniter.php(933): App\Controllers\Semua->resep()
 7 SYSTEMPATH\CodeIgniter.php(509): CodeIgniter\CodeIgniter->runController()
 8 SYSTEMPATH\CodeIgniter.php(355): CodeIgniter\CodeIgniter->handleRequest()
 9 SYSTEMPATH\Boot.php(325): CodeIgniter\CodeIgniter->run()
10 SYSTEMPATH\Boot.php(67): CodeIgniter\Boot::runCodeIgniter()
11 FCPATH\index.php(56): CodeIgniter\Boot::bootWeb()
12 SYSTEMPATH\rewrite.php(44): require_once('C:\\xampp\\htdocs\\ci4\\public\\index.php')
CRITICAL - 2024-12-23 18:09:13 --> CodeIgniter\Router\Exceptions\RouterException: The namespace delimiter is a backslash (\), not a slash (/). Route handler: "\App\Controllers\Api/AdminController::updateStatus/$1"
[Method: PATCH, Route: api/update-status-reservasi/7]
in SYSTEMPATH\Router\Router.php on line 492.
 1 SYSTEMPATH\Router\Router.php(492): CodeIgniter\Router\Exceptions\RouterException::forInvalidControllerName()
 2 SYSTEMPATH\Router\Router.php(210): CodeIgniter\Router\Router->checkRoutes()
 3 SYSTEMPATH\CodeIgniter.php(834): CodeIgniter\Router\Router->handle()
 4 SYSTEMPATH\CodeIgniter.php(457): CodeIgniter\CodeIgniter->tryToRouteIt()
 5 SYSTEMPATH\CodeIgniter.php(355): CodeIgniter\CodeIgniter->handleRequest()
 6 SYSTEMPATH\Boot.php(325): CodeIgniter\CodeIgniter->run()
 7 SYSTEMPATH\Boot.php(67): CodeIgniter\Boot::runCodeIgniter()
 8 FCPATH\index.php(56): CodeIgniter\Boot::bootWeb()
 9 SYSTEMPATH\rewrite.php(44): require_once('C:\\xampp\\htdocs\\ci4\\public\\index.php')
CRITICAL - 2024-12-23 18:09:33 --> CodeIgniter\Router\Exceptions\RouterException: The namespace delimiter is a backslash (\), not a slash (/). Route handler: "\App\Controllers\Api/AdminController::updateStatus/$1"
[Method: PATCH, Route: api/update-status-reservasi/7]
in SYSTEMPATH\Router\Router.php on line 492.
 1 SYSTEMPATH\Router\Router.php(492): CodeIgniter\Router\Exceptions\RouterException::forInvalidControllerName()
 2 SYSTEMPATH\Router\Router.php(210): CodeIgniter\Router\Router->checkRoutes()
 3 SYSTEMPATH\CodeIgniter.php(834): CodeIgniter\Router\Router->handle()
 4 SYSTEMPATH\CodeIgniter.php(457): CodeIgniter\CodeIgniter->tryToRouteIt()
 5 SYSTEMPATH\CodeIgniter.php(355): CodeIgniter\CodeIgniter->handleRequest()
 6 SYSTEMPATH\Boot.php(325): CodeIgniter\CodeIgniter->run()
 7 SYSTEMPATH\Boot.php(67): CodeIgniter\Boot::runCodeIgniter()
 8 FCPATH\index.php(56): CodeIgniter\Boot::bootWeb()
 9 SYSTEMPATH\rewrite.php(44): require_once('C:\\xampp\\htdocs\\ci4\\public\\index.php')
